🚀 Canopi 2 server running on port 3003
📊 Features enabled: None
🔍 Auth middleware - Headers received: {
  email: 'themetalayer@gmail.com',
  name: 'Daveed',
  avatarUrl: 'https://lh3.googleusercontent.com/a/ACg8ocKmW7vIeo8Wm1CN2-xUv7FPaNNN38kRh8rG2hHfFmdOf3Aknw=s96-c'
}
✅ Auth middleware - req.user created: {
  id: '5a4ca9ae-105b-a01b-e461-eaf8d83d90c7',
  handle: 'themetalayer',
  name: 'Daveed',
  email: 'themetalayer@gmail.com',
  avatarUrl: 'https://lh3.googleusercontent.com/a/ACg8ocKmW7vIeo8Wm1CN2-xUv7FPaNNN38kRh8rG2hHfFmdOf3Aknw=s96-c'
}
Error updating aura color: PrismaClientKnownRequestError: 
Invalid `this.prisma.appUser.update()` invocation in
/home/ubuntu/metalayer-initiative/services/userService.js:148:46

  145  */
  146 async updateAuraColor(userId, auraColor) {
  147   try {
→ 148     const user = await this.prisma.appUser.update(
The column `AppUser.auraColor` does not exist in the current database.
    at $n.handleRequestError (/home/ubuntu/metalayer-initiative/generated/prisma/runtime/library.js:121:7315)
    at $n.handleAndLogRequestError (/home/ubuntu/metalayer-initiative/generated/prisma/runtime/library.js:121:6623)
    at $n.request (/home/ubuntu/metalayer-initiative/generated/prisma/runtime/library.js:121:6307)
    at async l (/home/ubuntu/metalayer-initiative/generated/prisma/runtime/library.js:130:9633)
    at async UserService.updateAuraColor (/home/ubuntu/metalayer-initiative/services/userService.js:148:20)
    at async /home/ubuntu/metalayer-initiative/routes/users.js:25:18 {
  code: 'P2022',
  clientVersion: '5.22.0',
  meta: { modelName: 'AppUser', column: 'AppUser.auraColor' }
}
Error updating aura color: Error: Failed to update aura color
    at UserService.updateAuraColor (/home/ubuntu/metalayer-initiative/services/userService.js:155:13)
    at async /home/ubuntu/metalayer-initiative/routes/users.js:25:18
🔍 Auth middleware - Headers received: {
  email: 'themetalayer@gmail.com',
  name: 'Daveed',
  avatarUrl: 'https://lh3.googleusercontent.com/a/ACg8ocKmW7vIeo8Wm1CN2-xUv7FPaNNN38kRh8rG2hHfFmdOf3Aknw=s96-c'
}
✅ Auth middleware - req.user created: {
  id: '5a4ca9ae-105b-a01b-e461-eaf8d83d90c7',
  handle: 'themetalayer',
  name: 'Daveed',
  email: 'themetalayer@gmail.com',
  avatarUrl: 'https://lh3.googleusercontent.com/a/ACg8ocKmW7vIeo8Wm1CN2-xUv7FPaNNN38kRh8rG2hHfFmdOf3Aknw=s96-c'
}
